TN:
SF:src/modules/oauth/controller.ts
FN:7,githubCallback
FN:21,getUser
FN:35,logout
FNF:3
FNH:1
FNDA:0,githubCallback
FNDA:1,getUser
FNDA:0,logout
DA:1,1
DA:2,1
DA:3,1
DA:4,1
DA:5,1
DA:6,1
DA:7,1
DA:8,0
DA:9,0
DA:10,0
DA:11,0
DA:12,0
DA:13,0
DA:14,0
DA:15,0
DA:16,0
DA:17,0
DA:18,0
DA:19,0
DA:20,1
DA:21,1
DA:22,1
DA:23,1
DA:24,1
DA:25,1
DA:26,0
DA:27,0
DA:28,0
DA:29,0
DA:30,0
DA:31,0
DA:32,0
DA:33,0
DA:34,1
DA:35,1
DA:36,0
DA:37,0
DA:38,0
DA:39,0
DA:40,0
LF:40
LH:15
BRDA:21,0,0,1
BRDA:26,1,0,0
BRF:2
BRH:1
end_of_record
TN:
SF:src/modules/oauth/service.ts
FN:11,getAccessTokenFromAuthorizationCodeFlow
FN:19,fetchUserData
FNF:2
FNH:0
FNDA:0,getAccessTokenFromAuthorizationCodeFlow
FNDA:0,fetchUserData
DA:1,1
DA:2,1
DA:3,1
DA:4,1
DA:5,1
DA:6,1
DA:7,1
DA:8,1
DA:9,1
DA:10,1
DA:11,1
DA:12,0
DA:13,0
DA:14,0
DA:15,0
DA:16,0
DA:17,0
DA:18,1
DA:19,1
DA:20,0
DA:21,0
DA:22,0
DA:23,0
DA:24,0
DA:25,0
DA:26,0
DA:27,0
DA:28,0
DA:29,0
DA:30,0
DA:31,0
DA:32,0
LF:32
LH:13
BRF:0
BRH:0
end_of_record
